<?xml version="1.0" encoding="UTF-8"?>
<!-- Generated by org.testng.reporters.JUnitXMLReporter -->
<testsuite hostname="Ty_Nguyen" name="Default test" tests="7" failures="0" timestamp="15 May 2019 09:38:46 GMT" time="0.046" errors="0">
  <testcase name="@BeforeClass BeforeClass" time="0.0" classname="com.beecow.testcase.LoginScript">
    <failure type="org.testng.TestNGException" message="
Parameter &amp;apos;browser&amp;apos; is required by @Configuration on method BeforeClass but has not been marked @Optional or defined
in C:\Users\Administrator.TY_NGUYEN\AppData\Local\Temp\testng-eclipse--1436819002\testng-customsuite.xml">
      <![CDATA[org.testng.TestNGException: 
Parameter 'browser' is required by @Configuration on method BeforeClass but has not been marked @Optional or defined
in C:\Users\Administrator.TY_NGUYEN\AppData\Local\Temp\testng-eclipse--1436819002\testng-customsuite.xml
	at org.testng.internal.Parameters.createParameters(Parameters.java:155)
	at org.testng.internal.Parameters.createParameters(Parameters.java:355)
	at org.testng.internal.Parameters.createConfigurationParameters(Parameters.java:86)
	at org.testng.internal.Invoker.invokeConfigurations(Invoker.java:199)
	at org.testng.internal.Invoker.invokeConfigurations(Invoker.java:138)
	at org.testng.internal.TestMethodWorker.invokeBeforeClassMethods(TestMethodWorker.java:175)
	at org.testng.internal.TestMethodWorker.run(TestMethodWorker.java:107)
	at org.testng.TestRunner.privateRun(TestRunner.java:767)
	at org.testng.TestRunner.run(TestRunner.java:617)
	at org.testng.SuiteRunner.runTest(SuiteRunner.java:334)
	at org.testng.SuiteRunner.runSequentially(SuiteRunner.java:329)
	at org.testng.SuiteRunner.privateRun(SuiteRunner.java:291)
	at org.testng.SuiteRunner.run(SuiteRunner.java:240)
	at org.testng.SuiteRunnerWorker.runSuite(SuiteRunnerWorker.java:52)
	at org.testng.SuiteRunnerWorker.run(SuiteRunnerWorker.java:86)
	at org.testng.TestNG.runSuitesSequentially(TestNG.java:1198)
	at org.testng.TestNG.runSuitesLocally(TestNG.java:1123)
	at org.testng.TestNG.run(TestNG.java:1031)
	at org.testng.remote.AbstractRemoteTestNG.run(AbstractRemoteTestNG.java:115)
	at org.testng.remote.RemoteTestNG.initAndRun(RemoteTestNG.java:251)
	at org.testng.remote.RemoteTestNG.main(RemoteTestNG.java:77)
]]>
    </failure>
  </testcase> <!-- @BeforeClass BeforeClass -->
  <testcase name="@BeforeMethod beforeMethod" time="0.0" classname="com.beecow.testcase.LoginScript">
    <skipped/>
  </testcase> <!-- @BeforeMethod beforeMethod -->
  <testcase name="@BeforeMethod beforeMethod" time="0.0" classname="com.beecow.testcase.LoginScript">
    <skipped/>
  </testcase> <!-- @BeforeMethod beforeMethod -->
  <testcase name="@BeforeMethod beforeMethod" time="0.0" classname="com.beecow.testcase.LoginScript">
    <skipped/>
  </testcase> <!-- @BeforeMethod beforeMethod -->
  <testcase name="@BeforeMethod beforeMethod" time="0.0" classname="com.beecow.testcase.LoginScript">
    <skipped/>
  </testcase> <!-- @BeforeMethod beforeMethod -->
  <testcase name="@BeforeMethod beforeMethod" time="0.0" classname="com.beecow.testcase.LoginScript">
    <skipped/>
  </testcase> <!-- @BeforeMethod beforeMethod -->
  <testcase name="@BeforeMethod beforeMethod" time="0.0" classname="com.beecow.testcase.LoginScript">
    <skipped/>
  </testcase> <!-- @BeforeMethod beforeMethod -->
  <testcase name="@BeforeMethod beforeMethod" time="0.0" classname="com.beecow.testcase.LoginScript">
    <skipped/>
  </testcase> <!-- @BeforeMethod beforeMethod -->
  <testcase name="@AfterClass AfterClass" time="0.0" classname="com.beecow.testcase.LoginScript">
    <skipped/>
  </testcase> <!-- @AfterClass AfterClass -->
  <testcase name="TC_01_LoginEmptyEmailAndPassWord" time="0.005" classname="com.beecow.testcase.LoginScript">
    <skipped/>
  </testcase> <!-- TC_01_LoginEmptyEmailAndPassWord -->
  <testcase name="TC_02_LoginWrongSDT" time="0.001" classname="com.beecow.testcase.LoginScript">
    <skipped/>
  </testcase> <!-- TC_02_LoginWrongSDT -->
  <testcase name="TC_03_LoginWrongEmail" time="0.0" classname="com.beecow.testcase.LoginScript">
    <skipped/>
  </testcase> <!-- TC_03_LoginWrongEmail -->
  <testcase name="TC_04_LogincorrectEmailBlankPassword" time="0.0" classname="com.beecow.testcase.LoginScript">
    <skipped/>
  </testcase> <!-- TC_04_LogincorrectEmailBlankPassword -->
  <testcase name="TC_05_LogincorrectEmailPasswordNotEnoughtCharracter" time="0.001" classname="com.beecow.testcase.LoginScript">
    <skipped/>
  </testcase> <!-- TC_05_LogincorrectEmailPasswordNotEnoughtCharracter -->
  <testcase name="TC_06_LogincorrectEmailWrongPassword" time="0.001" classname="com.beecow.testcase.LoginScript">
    <skipped/>
  </testcase> <!-- TC_06_LogincorrectEmailWrongPassword -->
  <testcase name="TC_07_LoginCorrectEmailSdtAndPassword" time="0.001" classname="com.beecow.testcase.LoginScript">
    <skipped/>
  </testcase> <!-- TC_07_LoginCorrectEmailSdtAndPassword -->
</testsuite> <!-- Default test -->
